2017-09-19 14:03:21 trace :
------------
String:
<xml><ToUserName><![CDATA[gh_ceac403c5625]]></ToUserName>
<FromUserName><![CDATA[oKcVMwN4rQgUogv_e3dncCgOhay4]]></FromUserName>
<CreateTime>1505801001</CreateTime>
<MsgType><![CDATA[event]]></MsgType>
<Event><![CDATA[unsubscribe]]></Event>
<EventKey><![CDATA[]]></EventKey>
</xml>

2017-09-19 15:22:01 trace :
------------
String:
<xml><ToUserName><![CDATA[gh_ceac403c5625]]></ToUserName>
<FromUserName><![CDATA[oKcVMwIhP32VbpJK_2X-uFnYGyE8]]></FromUserName>
<CreateTime>1505805721</CreateTime>
<MsgType><![CDATA[event]]></MsgType>
<Event><![CDATA[unsubscribe]]></Event>
<EventKey><![CDATA[]]></EventKey>
</xml>

2017-09-19 16:20:58 trace :
------------
String:
<xml><ToUserName><![CDATA[gh_ceac403c5625]]></ToUserName>
<FromUserName><![CDATA[oKcVMwJmFmHH3AZ0mFVKCsK3gwdQ]]></FromUserName>
<CreateTime>1505809257</CreateTime>
<MsgType><![CDATA[event]]></MsgType>
<Event><![CDATA[subscribe]]></Event>
<EventKey><![CDATA[]]></EventKey>
</xml>

2017-09-19 16:20:58 params :
------------
String:
array (
  'rule' => -2,
  'module' => '',
  'message' => 
  array (
    'tousername' => 'gh_ceac403c5625',
    'fromusername' => 'oKcVMwJmFmHH3AZ0mFVKCsK3gwdQ',
    'createtime' => '1505809257',
    'msgtype' => 'event',
    'event' => 'subscribe',
    'eventkey' => '',
    'from' => 'oKcVMwJmFmHH3AZ0mFVKCsK3gwdQ',
    'to' => 'gh_ceac403c5625',
    'time' => '1505809257',
    'type' => 'text',
    'redirection' => true,
    'source' => 'subscribe',
  ),
)

2017-09-19 16:20:58 response :
------------

2017-09-19 16:21:27 trace :
------------
String:
<xml><ToUserName><![CDATA[gh_ceac403c5625]]></ToUserName>
<FromUserName><![CDATA[oKcVMwJmFmHH3AZ0mFVKCsK3gwdQ]]></FromUserName>
<CreateTime>1505809287</CreateTime>
<MsgType><![CDATA[event]]></MsgType>
<Event><![CDATA[unsubscribe]]></Event>
<EventKey><![CDATA[]]></EventKey>
</xml>

2017-09-19 22:28:30 trace :
------------
String:
<xml><ToUserName><![CDATA[gh_ceac403c5625]]></ToUserName>
<FromUserName><![CDATA[oKcVMwKOKmGfEPiylCByLSMrvZVM]]></FromUserName>
<CreateTime>1505831310</CreateTime>
<MsgType><![CDATA[event]]></MsgType>
<Event><![CDATA[unsubscribe]]></Event>
<EventKey><![CDATA[]]></EventKey>
</xml>

2017-09-19 23:11:35 trace :
------------
String:
<xml><ToUserName><![CDATA[gh_ceac403c5625]]></ToUserName>
<FromUserName><![CDATA[oKcVMwIygQ7M3FUb-Mxt0fYrha3Y]]></FromUserName>
<CreateTime>1505833895</CreateTime>
<MsgType><![CDATA[event]]></MsgType>
<Event><![CDATA[subscribe]]></Event>
<EventKey><![CDATA[]]></EventKey>
</xml>

2017-09-19 23:11:35 params :
------------
String:
array (
  'rule' => -2,
  'module' => '',
  'message' => 
  array (
    'tousername' => 'gh_ceac403c5625',
    'fromusername' => 'oKcVMwIygQ7M3FUb-Mxt0fYrha3Y',
    'createtime' => '1505833895',
    'msgtype' => 'event',
    'event' => 'subscribe',
    'eventkey' => '',
    'from' => 'oKcVMwIygQ7M3FUb-Mxt0fYrha3Y',
    'to' => 'gh_ceac403c5625',
    'time' => '1505833895',
    'type' => 'text',
    'redirection' => true,
    'source' => 'subscribe',
  ),
)

2017-09-19 23:11:35 response :
------------

2017-09-19 23:11:53 trace :
------------
String:
<xml><ToUserName><![CDATA[gh_ceac403c5625]]></ToUserName>
<FromUserName><![CDATA[oKcVMwIygQ7M3FUb-Mxt0fYrha3Y]]></FromUserName>
<CreateTime>1505833913</CreateTime>
<MsgType><![CDATA[event]]></MsgType>
<Event><![CDATA[unsubscribe]]></Event>
<EventKey><![CDATA[]]></EventKey>
</xml>

